05:31:50 **** Rebuild of configuration Debug for project firstattempt ****
Info: Internal Builder is used for build
gcc -O0 -g3 -Wall -c -fmessage-length=0 -o firstattempt.o "..\\firstattempt.c" 
gcc -o firstattempt.exe firstattempt.o 
05:32:09 **** Incremental Build of configuration Debug for project firstattempt ****
Info: Internal Builder is used for build
gcc -O0 -g3 -Wall -c -fmessage-length=0 -o firstattempt.o "..\\firstattempt.c" 
gcc -o firstattempt.exe firstattempt.o 
05:32:25 **** Incremental Build of configuration Debug for project firstattempt ****
Info: Internal Builder is used for build
gcc -O0 -g3 -Wall -c -fmessage-length=0 -o firstattempt.o "..\\firstattempt.c" 
gcc -o firstattempt.exe firstattempt.o 
05:32:42 **** Incremental Build of configuration Debug for project firstattempt ****
Info: Internal Builder is used for build
gcc -O0 -g3 -Wall -c -fmessage-length=0 -o firstattempt.o "..\\firstattempt.c" 
gcc -o firstattempt.exe firstattempt.o 
06:18:11 **** Rebuild of configuration Debug for project firstattempt ****
Info: Internal Builder is used for build
gcc -O0 -g3 -Wall -c -fmessage-length=0 -o "src\\main.o" "..\\src\\main.c" 
gcc -o firstattempt.exe "src\\main.o" 
